app/build/outputs/logs/manifest-merger-debug-report.txt
-- Merging decision tree log ---
manifest
ADDED from src/main/AndroidManifest.xml:2:1-58:12
	package
		ADDED from src/main/AndroidManifest.xml:3:5-32
		INJECTED from src/main/AndroidManifest.xml
		INJECTED from src/main/AndroidManifest.xml
	android:versionName
		ADDED from src/main/AndroidManifest.xml:5:5-30
		INJECTED from src/main/AndroidManifest.xml
		INJECTED from src/main/AndroidManifest.xml
	android:versionCode
		ADDED from src/main/AndroidManifest.xml:4:5-28
		INJECTED from src/main/AndroidManifest.xml
		INJECTED from src/main/AndroidManifest.xml
	xmlns:android
		ADDED from src/main/AndroidManifest.xml:2:11-69
uses-sdk
ADDED from src/main/AndroidManifest.xml:7:5-9:41
MERGED from [com.android.support:design:23.0.1] AndroidManifest.xml:20:5-43
MERGED from [com.android.support:support-v4:23.0.1] AndroidManifest.xml:20:5-43
MERGED from [com.android.support:appcompat-v7:23.0.1] AndroidManifest.xml:20:5-43
MERGED from [com.evernote:android-job:1.0.7] AndroidManifest.xml:8:5-10:41
MERGED from [net.vrallev.android:cat:1.0.4] AndroidManifest.xml:7:5-9:41
	android:targetSdkVersion
		ADDED from src/main/AndroidManifest.xml:9:9-38
		INJECTED from src/main/AndroidManifest.xml
		INJECTED from src/main/AndroidManifest.xml
	android:minSdkVersion
		ADDED from src/main/AndroidManifest.xml:8:9-35
		INJECTED from src/main/AndroidManifest.xml
		INJECTED from src/main/AndroidManifest.xml
uses-permission#android.permission.CAMERA
ADDED from src/main/AndroidManifest.xml:11:5-65
	android:name
		ADDED from src/main/AndroidManifest.xml:11:22-62
uses-permission#android.permission.WRITE_EXTERNAL_STORAGE
ADDED from src/main/AndroidManifest.xml:12:5-81
	android:name
		ADDED from src/main/AndroidManifest.xml:12:22-78
uses-feature#android.hardware.camera.autofocus
ADDED from src/main/AndroidManifest.xml:14:5-70
	android:name
		ADDED from src/main/AndroidManifest.xml:14:19-67
uses-permission#android.permission.READ_EXTERNAL_STORAGE
ADDED from src/main/AndroidManifest.xml:16:5-80
	android:name
		ADDED from src/main/AndroidManifest.xml:16:22-77
uses-permission#android.permission.INTERNET
ADDED from src/main/AndroidManifest.xml:17:5-67
	android:name
		ADDED from src/main/AndroidManifest.xml:17:22-64
uses-permission#android.permission.ACCESS_NETWORK_STATE
ADDED from src/main/AndroidManifest.xml:18:5-79
MERGED from [com.evernote:android-job:1.0.7] AndroidManifest.xml:13:5-79
	android:name
		ADDED from src/main/AndroidManifest.xml:18:22-76
uses-permission#android.permission.DOWNLOAD_WITHOUT_NOTIFICATION
ADDED from src/main/AndroidManifest.xml:19:5-88
	android:name
		ADDED from src/main/AndroidManifest.xml:19:22-85
uses-permission#android.permission.ACCESS_WIFI_STATE
ADDED from src/main/AndroidManifest.xml:20:5-76
	android:name
		ADDED from src/main/AndroidManifest.xml:20:22-73
uses-permission#android.permission.ACCESS_FINE_LOCATION
ADDED from src/main/AndroidManifest.xml:21:5-79
	android:name
		ADDED from src/main/AndroidManifest.xml:21:22-76
uses-permission#android.permission.ACCESS_COARSE_LOCATION
ADDED from src/main/AndroidManifest.xml:22:5-81
	android:name
		ADDED from src/main/AndroidManifest.xml:22:22-78
uses-permission#com.android.alarm.permission.SET_ALARM
ADDED from src/main/AndroidManifest.xml:23:5-78
	android:name
		ADDED from src/main/AndroidManifest.xml:23:22-75
android:uses-permission#android.permission.READ_PHONE_STATE
ADDED from src/main/AndroidManifest.xml:25:5-83
	android:name
		ADDED from src/main/AndroidManifest.xml:25:30-80
application
ADDED from src/main/AndroidManifest.xml:27:5-56:19
MERGED from [com.android.support:design:23.0.1] AndroidManifest.xml:22:5-20
MERGED from [com.android.support:support-v4:23.0.1] AndroidManifest.xml:22:5-20
MERGED from [com.android.support:appcompat-v7:23.0.1] AndroidManifest.xml:22:5-20
MERGED from [com.evernote:android-job:1.0.7] AndroidManifest.xml:16:5-40:19
	android:label
		ADDED from src/main/AndroidManifest.xml:30:9-41
	tools:ignore
		ADDED from [com.evernote:android-job:1.0.7] AndroidManifest.xml:16:18-44
	android:allowBackup
		ADDED from src/main/AndroidManifest.xml:28:9-35
	android:icon
		ADDED from src/main/AndroidManifest.xml:29:9-38
	android:theme
		ADDED from src/main/AndroidManifest.xml:31:9-40
activity#com.example.punch.MainActivity
ADDED from src/main/AndroidManifest.xml:32:9-40:20
	android:label
		ADDED from src/main/AndroidManifest.xml:34:13-45
	android:name
		ADDED from src/main/AndroidManifest.xml:33:13-41
intent-filter#android.intent.action.MAIN+android.intent.category.LAUNCHER
ADDED from src/main/AndroidManifest.xml:35:13-39:29
action#android.intent.action.MAIN
ADDED from src/main/AndroidManifest.xml:36:17-69
	android:name
		ADDED from src/main/AndroidManifest.xml:36:25-66
category#android.intent.category.LAUNCHER
ADDED from src/main/AndroidManifest.xml:38:17-77
	android:name
		ADDED from src/main/AndroidManifest.xml:38:27-74
activity#com.example.punch.Action
ADDED from src/main/AndroidManifest.xml:41:9-44:58
	android:label
		ADDED from src/main/AndroidManifest.xml:43:13-45
	android:parentActivityName
		ADDED from src/main/AndroidManifest.xml:44:13-55
	android:name
		ADDED from src/main/AndroidManifest.xml:42:13-35
activity#com.example.punch.Middleware
ADDED from src/main/AndroidManifest.xml:45:9-47:48
	android:label
		ADDED from src/main/AndroidManifest.xml:47:13-45
	android:name
		ADDED from src/main/AndroidManifest.xml:46:13-39
activity#com.example.punch.EmployeeCode
ADDED from src/main/AndroidManifest.xml:48:9-50
	android:name
		ADDED from src/main/AndroidManifest.xml:48:19-47
activity#com.example.punch.SuccessActivity
ADDED from src/main/AndroidManifest.xml:49:9-51:48
	android:label
		ADDED from src/main/AndroidManifest.xml:51:13-45
	android:name
		ADDED from src/main/AndroidManifest.xml:50:13-44
receiver#com.example.punch.AlarmReceiver
ADDED from src/main/AndroidManifest.xml:53:9-51
	android:name
		ADDED from src/main/AndroidManifest.xml:53:19-48
activity#com.example.punch.PunchApp
ADDED from src/main/AndroidManifest.xml:55:9-55
	android:name
		ADDED from src/main/AndroidManifest.xml:55:19-43
uses-permission#android.permission.WAKE_LOCK
ADDED from [com.evernote:android-job:1.0.7] AndroidManifest.xml:12:5-68
	android:name
		ADDED from [com.evernote:android-job:1.0.7] AndroidManifest.xml:12:22-65
uses-permission#android.permission.RECEIVE_BOOT_COMPLETED
ADDED from [com.evernote:android-job:1.0.7] AndroidManifest.xml:14:5-81
	android:name
		ADDED from [com.evernote:android-job:1.0.7] AndroidManifest.xml:14:22-78
service#com.evernote.android.job.v21.PlatformJobService
ADDED from [com.evernote:android-job:1.0.7] AndroidManifest.xml:17:9-20:72
	android:exported
		ADDED from [com.evernote:android-job:1.0.7] AndroidManifest.xml:19:13-37
	android:permission
		ADDED from [com.evernote:android-job:1.0.7] AndroidManifest.xml:20:13-69
	android:name
		ADDED from [com.evernote:android-job:1.0.7] AndroidManifest.xml:18:13-75
service#com.evernote.android.job.v14.PlatformAlarmService
ADDED from [com.evernote:android-job:1.0.7] AndroidManifest.xml:21:9-23:40
	android:exported
		ADDED from [com.evernote:android-job:1.0.7] AndroidManifest.xml:23:13-37
	android:name
		ADDED from [com.evernote:android-job:1.0.7] AndroidManifest.xml:22:13-77
receiver#com.evernote.android.job.v14.PlatformAlarmReceiver
ADDED from [com.evernote:android-job:1.0.7] AndroidManifest.xml:25:9-32:20
	android:exported
		ADDED from [com.evernote:android-job:1.0.7] AndroidManifest.xml:27:13-37
	android:name
		ADDED from [com.evernote:android-job:1.0.7] AndroidManifest.xml:26:13-78
intent-filter#com.evernote.android.job.v14.RUN_JOB+net.vrallev.android.job.v14.RUN_JOB
ADDED from [com.evernote:android-job:1.0.7] AndroidManifest.xml:28:13-31:29
action#com.evernote.android.job.v14.RUN_JOB
ADDED from [com.evernote:android-job:1.0.7] AndroidManifest.xml:29:17-79
	android:name
		ADDED from [com.evernote:android-job:1.0.7] AndroidManifest.xml:29:25-76
action#net.vrallev.android.job.v14.RUN_JOB
ADDED from [com.evernote:android-job:1.0.7] AndroidManifest.xml:30:17-78
	android:name
		ADDED from [com.evernote:android-job:1.0.7] AndroidManifest.xml:30:25-75
receiver#com.evernote.android.job.JobBootReceiver
ADDED from [com.evernote:android-job:1.0.7] AndroidManifest.xml:33:9-39:20
	android:exported
		ADDED from [com.evernote:android-job:1.0.7] AndroidManifest.xml:35:13-37
	android:name
		ADDED from [com.evernote:android-job:1.0.7] AndroidManifest.xml:34:13-68
intent-filter#android.intent.action.BOOT_COMPLETED
ADDED from [com.evernote:android-job:1.0.7] AndroidManifest.xml:36:13-38:29
action#android.intent.action.BOOT_COMPLETED
ADDED from [com.evernote:android-job:1.0.7] AndroidManifest.xml:37:17-79
	android:name
		ADDED from [com.evernote:android-job:1.0.7] AndroidManifest.xml:37:25-76